專案名稱：Example 17.8
控制點座標
1 A      402.35087 -4652995.30109  4349760.77753
2 B     8086.03178 -4642712.84739  4360439.08326

基線觀測資料
A(1) -> C(3)  11644.22320   3601.21650   3399.25500
A(1) -> E(4)  -5321.71640   3634.07540   3173.66520
B(2) -> C(3)   3960.54420  -6681.24670  -7279.01480
B(2) -> D(5) -11167.60760   -394.52040   -907.95930
D(5) -> C(3)  15128.16470  -6286.70540  -6371.05830
D(5) -> E(4)  -1837.74590  -6253.85340  -6596.66970
F(6) -> A(1)  -1116.45230  -4596.16100  -4355.90620
F(6) -> C(3)  10527.78520   -994.93770   -956.62460
F(6) -> E(4)  -6438.13640   -962.06940  -1182.23050
F(6) -> D(5)  -4600.37870   5291.77850   5414.43110
F(6) -> B(2)   6567.23110   5686.29260   6322.39170
B(2) -> F(6)  -6567.23100  -5686.30330  -6322.38070
A(1) -> F(6)   1116.45770   4596.15530   4355.91410

設計矩陣
 1  0  0  0  0  0  0  0  0  0  0  0 
  0  1  0  0  0  0  0  0  0  0  0  0 
  0  0  1  0  0  0  0  0  0  0  0  0 
  0  0  0  1  0  0  0  0  0  0  0  0 
  0  0  0  0  1  0  0  0  0  0  0  0 
  0  0  0  0  0  1  0  0  0  0  0  0 
  1  0  0  0  0  0  0  0  0  0  0  0 
  0  1  0  0  0  0  0  0  0  0  0  0 
  0  0  1  0  0  0  0  0  0  0  0  0 
  0  0  0  0  0  0  1  0  0  0  0  0 
  0  0  0  0  0  0  0  1  0  0  0  0 
  0  0  0  0  0  0  0  0  1  0  0  0 
  1  0  0  0  0  0 -1  0  0  0  0  0 
  0  1  0  0  0  0  0 -1  0  0  0  0 
  0  0  1  0  0  0  0  0 -1  0  0  0 
  0  0  0  1  0  0 -1  0  0  0  0  0 
  0  0  0  0  1  0  0 -1  0  0  0  0 
  0  0  0  0  0  1  0  0 -1  0  0  0 
  0  0  0  0  0  0  0  0  0 -1  0  0 
  0  0  0  0  0  0  0  0  0  0 -1  0 
  0  0  0  0  0  0  0  0  0  0  0 -1 
  1  0  0  0  0  0  0  0  0 -1  0  0 
  0  1  0  0  0  0  0  0  0  0 -1  0 
  0  0  1  0  0  0  0  0  0  0  0 -1 
  0  0  0  1  0  0  0  0  0 -1  0  0 
  0  0  0  0  1  0  0  0  0  0 -1  0 
  0  0  0  0  0  1  0  0  0  0  0 -1 
  0  0  0  0  0  0  1  0  0 -1  0  0 
  0  0  0  0  0  0  0  1  0  0 -1  0 
  0  0  0  0  0  0  0  0  1  0  0 -1 
  0  0  0  0  0  0  0  0  0 -1  0  0 
  0  0  0  0  0  0  0  0  0  0 -1  0 
  0  0  0  0  0  0  0  0  0  0  0 -1 
  0  0  0  0  0  0  0  0  0  1  0  0 
  0  0  0  0  0  0  0  0  0  0  1  0 
  0  0  0  0  0  0  0  0  0  0  0  1 
  0  0  0  0  0  0  0  0  0  1  0  0 
  0  0  0  0  0  0  0  0  0  0  1  0 
  0  0  0  0  0  0  0  0  0  0  0  1 
 
先驗單位權:  1.000000000

權矩陣
 1011.93    10.24    -9.70     0.00     0.00     0.00     0.00     0.00     0.00     0.00     0.00     0.00     0.00     0.00     0.00     0.00     0.00     0.00     0.00     0.00     0.00     0.00     0.00     0.00     0.00     0.00     0.00     0.00     0.00     0.00     0.00     0.00     0.00     0.00     0.00     0.00     0.00     0.00     0.00 
   10.24  1066.65    10.23     0.00     0.00     0.00     0.00     0.00     0.00     0.00     0.00     0.00     0.00     0.00     0.00     0.00     0.00     0.00     0.00     0.00     0.00     0.00     0.00     0.00     0.00     0.00     0.00     0.00     0.00     0.00     0.00     0.00     0.00     0.00     0.00     0.00     0.00     0.00     0.00 
   -9.70    10.23  1017.80     0.00     0.00     0.00     0.00     0.00     0.00     0.00     0.00     0.00     0.00     0.00     0.00     0.00     0.00     0.00     0.00     0.00     0.00     0.00     0.00     0.00     0.00     0.00     0.00     0.00     0.00     0.00     0.00     0.00     0.00     0.00     0.00     0.00     0.00     0.00     0.00 
    0.00     0.00     0.00  4634.90    50.18   -49.41     0.00     0.00     0.00     0.00     0.00     0.00     0.00     0.00     0.00     0.00     0.00     0.00     0.00     0.00     0.00     0.00     0.00     0.00     0.00     0.00     0.00     0.00     0.00     0.00     0.00     0.00     0.00     0.00     0.00     0.00     0.00     0.00     0.00 
    0.00     0.00     0.00    50.18  5212.19    54.05     0.00     0.00     0.00     0.00     0.00     0.00     0.00     0.00     0.00     0.00     0.00     0.00     0.00     0.00     0.00     0.00     0.00     0.00     0.00     0.00     0.00     0.00     0.00     0.00     0.00     0.00     0.00     0.00     0.00     0.00     0.00     0.00     0.00 
    0.00     0.00     0.00   -49.41    54.05  4988.63     0.00     0.00     0.00     0.00     0.00     0.00     0.00     0.00     0.00     0.00     0.00     0.00     0.00     0.00     0.00     0.00     0.00     0.00     0.00     0.00     0.00     0.00     0.00     0.00     0.00     0.00     0.00     0.00     0.00     0.00     0.00     0.00     0.00 
    0.00     0.00     0.00     0.00     0.00     0.00  4339.11    37.66   -39.51     0.00     0.00     0.00     0.00     0.00     0.00     0.00     0.00     0.00     0.00     0.00     0.00     0.00     0.00     0.00     0.00     0.00     0.00     0.00     0.00     0.00     0.00     0.00     0.00     0.00     0.00     0.00     0.00     0.00     0.00 
    0.00     0.00     0.00     0.00     0.00     0.00    37.66  3928.40    38.55     0.00     0.00     0.00     0.00     0.00     0.00     0.00     0.00     0.00     0.00     0.00     0.00     0.00     0.00     0.00     0.00     0.00     0.00     0.00     0.00     0.00     0.00     0.00     0.00     0.00     0.00     0.00     0.00     0.00     0.00 
    0.00     0.00     0.00     0.00     0.00     0.00   -39.51    38.55  4441.24     0.00     0.00     0.00     0.00     0.00     0.00     0.00     0.00     0.00     0.00     0.00     0.00     0.00     0.00     0.00     0.00     0.00     0.00     0.00     0.00     0.00     0.00     0.00     0.00     0.00     0.00     0.00     0.00     0.00     0.00 
    0.00     0.00     0.00     0.00     0.00     0.00     0.00     0.00     0.00  3704.49    37.05   -39.16     0.00     0.00     0.00     0.00     0.00     0.00     0.00     0.00     0.00     0.00     0.00     0.00     0.00     0.00     0.00     0.00     0.00     0.00     0.00     0.00     0.00     0.00     0.00     0.00     0.00     0.00     0.00 
    0.00     0.00     0.00     0.00     0.00     0.00     0.00     0.00     0.00    37.05  3675.86    37.05     0.00     0.00     0.00     0.00     0.00     0.00     0.00     0.00     0.00     0.00     0.00     0.00     0.00     0.00     0.00     0.00     0.00     0.00     0.00     0.00     0.00     0.00     0.00     0.00     0.00     0.00     0.00 
    0.00     0.00     0.00     0.00     0.00     0.00     0.00     0.00     0.00   -39.16    37.05  3746.11     0.00     0.00     0.00     0.00     0.00     0.00     0.00     0.00     0.00     0.00     0.00     0.00     0.00     0.00     0.00     0.00     0.00     0.00     0.00     0.00     0.00     0.00     0.00     0.00     0.00     0.00     0.00 
    0.00     0.00     0.00     0.00     0.00     0.00     0.00     0.00     0.00     0.00     0.00     0.00  6845.85    60.03   -69.47     0.00     0.00     0.00     0.00     0.00     0.00     0.00     0.00     0.00     0.00     0.00     0.00     0.00     0.00     0.00     0.00     0.00     0.00     0.00     0.00     0.00     0.00     0.00     0.00 
    0.00     0.00     0.00     0.00     0.00     0.00     0.00     0.00     0.00     0.00     0.00     0.00    60.03  6196.92    67.61     0.00     0.00     0.00     0.00     0.00     0.00     0.00     0.00     0.00     0.00     0.00     0.00     0.00     0.00     0.00     0.00     0.00     0.00     0.00     0.00     0.00     0.00     0.00     0.00 
    0.00     0.00     0.00     0.00     0.00     0.00     0.00     0.00     0.00     0.00     0.00     0.00   -69.47    67.61  7646.72     0.00     0.00     0.00     0.00     0.00     0.00     0.00     0.00     0.00     0.00     0.00     0.00     0.00     0.00     0.00     0.00     0.00     0.00     0.00     0.00     0.00     0.00     0.00     0.00 
    0.00     0.00     0.00     0.00     0.00     0.00     0.00     0.00     0.00     0.00     0.00     0.00     0.00     0.00     0.00  8124.96    74.99   -76.55     0.00     0.00     0.00     0.00     0.00     0.00     0.00     0.00     0.00     0.00     0.00     0.00     0.00     0.00     0.00     0.00     0.00     0.00     0.00     0.00     0.00 
    0.00     0.00     0.00     0.00     0.00     0.00     0.00     0.00     0.00     0.00     0.00     0.00     0.00     0.00     0.00    74.99  7832.25    73.15     0.00     0.00     0.00     0.00     0.00     0.00     0.00     0.00     0.00     0.00     0.00     0.00     0.00     0.00     0.00     0.00     0.00     0.00     0.00     0.00     0.00 
    0.00     0.00     0.00     0.00     0.00     0.00     0.00     0.00     0.00     0.00     0.00     0.00     0.00     0.00     0.00   -76.55    73.15  7795.65     0.00     0.00     0.00     0.00     0.00     0.00     0.00     0.00     0.00     0.00     0.00     0.00     0.00     0.00     0.00     0.00     0.00     0.00     0.00     0.00     0.00 
    0.00     0.00     0.00     0.00     0.00     0.00     0.00     0.00     0.00     0.00     0.00     0.00     0.00     0.00     0.00     0.00     0.00     0.00 13381.40   158.46  -152.93     0.00     0.00     0.00     0.00     0.00     0.00     0.00     0.00     0.00     0.00     0.00     0.00     0.00     0.00     0.00     0.00     0.00     0.00 
    0.00     0.00     0.00     0.00     0.00     0.00     0.00     0.00     0.00     0.00     0.00     0.00     0.00     0.00     0.00     0.00     0.00     0.00   158.46 15171.46   159.53     0.00     0.00     0.00     0.00     0.00     0.00     0.00     0.00     0.00     0.00     0.00     0.00     0.00     0.00     0.00     0.00     0.00     0.00 
    0.00     0.00     0.00     0.00     0.00     0.00     0.00     0.00     0.00     0.00     0.00     0.00     0.00     0.00     0.00     0.00     0.00     0.00  -152.93   159.53 13133.72     0.00     0.00     0.00     0.00     0.00     0.00     0.00     0.00     0.00     0.00     0.00     0.00     0.00     0.00     0.00     0.00     0.00     0.00 
    0.00     0.00     0.00     0.00     0.00     0.00     0.00     0.00     0.00     0.00     0.00     0.00     0.00     0.00     0.00     0.00     0.00     0.00     0.00     0.00     0.00  3896.31    40.12   -38.63     0.00     0.00     0.00     0.00     0.00     0.00     0.00     0.00     0.00     0.00     0.00     0.00     0.00     0.00     0.00 
    0.00     0.00     0.00     0.00     0.00     0.00     0.00     0.00     0.00     0.00     0.00     0.00     0.00     0.00     0.00     0.00     0.00     0.00     0.00     0.00     0.00    40.12  4624.08    43.39     0.00     0.00     0.00     0.00     0.00     0.00     0.00     0.00     0.00     0.00     0.00     0.00     0.00     0.00     0.00 
    0.00     0.00     0.00     0.00     0.00     0.00     0.00     0.00     0.00     0.00     0.00     0.00     0.00     0.00     0.00     0.00     0.00     0.00     0.00     0.00     0.00   -38.63    43.39  4172.68     0.00     0.00     0.00     0.00     0.00     0.00     0.00     0.00     0.00     0.00     0.00     0.00     0.00     0.00     0.00 
    0.00     0.00     0.00     0.00     0.00     0.00     0.00     0.00     0.00     0.00     0.00     0.00     0.00     0.00     0.00     0.00     0.00     0.00     0.00     0.00     0.00     0.00     0.00     0.00 10593.28    96.75  -123.85     0.00     0.00     0.00     0.00     0.00     0.00     0.00     0.00     0.00     0.00     0.00     0.00 
    0.00     0.00     0.00     0.00     0.00     0.00     0.00     0.00     0.00     0.00     0.00     0.00     0.00     0.00     0.00     0.00     0.00     0.00     0.00     0.00     0.00     0.00     0.00     0.00    96.75 10042.96   100.13     0.00     0.00     0.00     0.00     0.00     0.00     0.00     0.00     0.00     0.00     0.00     0.00 
    0.00     0.00     0.00     0.00     0.00     0.00     0.00     0.00     0.00     0.00     0.00     0.00     0.00     0.00     0.00     0.00     0.00     0.00     0.00     0.00     0.00     0.00     0.00     0.00  -123.85   100.13 11332.63     0.00     0.00     0.00     0.00     0.00     0.00     0.00     0.00     0.00     0.00     0.00     0.00 
    0.00     0.00     0.00     0.00     0.00     0.00     0.00     0.00     0.00     0.00     0.00     0.00     0.00     0.00     0.00     0.00     0.00     0.00     0.00     0.00     0.00     0.00     0.00     0.00     0.00     0.00     0.00 10720.01   106.68   -79.26     0.00     0.00     0.00     0.00     0.00     0.00     0.00     0.00     0.00 
    0.00     0.00     0.00     0.00     0.00     0.00     0.00     0.00     0.00     0.00     0.00     0.00     0.00     0.00     0.00     0.00     0.00     0.00     0.00     0.00     0.00     0.00     0.00     0.00     0.00     0.00     0.00   106.68 10128.48    82.48     0.00     0.00     0.00     0.00     0.00     0.00     0.00     0.00     0.00 
    0.00     0.00     0.00     0.00     0.00     0.00     0.00     0.00     0.00     0.00     0.00     0.00     0.00     0.00     0.00     0.00     0.00     0.00     0.00     0.00     0.00     0.00     0.00     0.00     0.00     0.00     0.00   -79.26    82.48  8306.92     0.00     0.00     0.00     0.00     0.00     0.00     0.00     0.00     0.00 
    0.00     0.00     0.00     0.00     0.00     0.00     0.00     0.00     0.00     0.00     0.00     0.00     0.00     0.00     0.00     0.00     0.00     0.00     0.00     0.00     0.00     0.00     0.00     0.00     0.00     0.00     0.00     0.00     0.00     0.00 15056.48   129.64  -170.40     0.00     0.00     0.00     0.00     0.00     0.00 
    0.00     0.00     0.00     0.00     0.00     0.00     0.00     0.00     0.00     0.00     0.00     0.00     0.00     0.00     0.00     0.00     0.00     0.00     0.00     0.00     0.00     0.00     0.00     0.00     0.00     0.00     0.00     0.00     0.00     0.00   129.64 13398.18   140.30     0.00     0.00     0.00     0.00     0.00     0.00 
    0.00     0.00     0.00     0.00     0.00     0.00     0.00     0.00     0.00     0.00     0.00     0.00     0.00     0.00     0.00     0.00     0.00     0.00     0.00     0.00     0.00     0.00     0.00     0.00     0.00     0.00     0.00     0.00     0.00     0.00  -170.40   140.30 16537.82     0.00     0.00     0.00     0.00     0.00     0.00 
    0.00     0.00     0.00     0.00     0.00     0.00     0.00     0.00     0.00     0.00     0.00     0.00     0.00     0.00     0.00     0.00     0.00     0.00     0.00     0.00     0.00     0.00     0.00     0.00     0.00     0.00     0.00     0.00     0.00     0.00     0.00     0.00     0.00 18145.80   151.60  -165.54     0.00     0.00     0.00 
    0.00     0.00     0.00     0.00     0.00     0.00     0.00     0.00     0.00     0.00     0.00     0.00     0.00     0.00     0.00     0.00     0.00     0.00     0.00     0.00     0.00     0.00     0.00     0.00     0.00     0.00     0.00     0.00     0.00     0.00     0.00     0.00     0.00   151.60 13385.64   125.82     0.00     0.00     0.00 
    0.00     0.00     0.00     0.00     0.00     0.00     0.00     0.00     0.00     0.00     0.00     0.00     0.00     0.00     0.00     0.00     0.00     0.00     0.00     0.00     0.00     0.00     0.00     0.00     0.00     0.00     0.00     0.00     0.00     0.00     0.00     0.00     0.00  -165.54   125.82 15087.95     0.00     0.00     0.00 
    0.00     0.00     0.00     0.00     0.00     0.00     0.00     0.00     0.00     0.00     0.00     0.00     0.00     0.00     0.00     0.00     0.00     0.00     0.00     0.00     0.00     0.00     0.00     0.00     0.00     0.00     0.00     0.00     0.00     0.00     0.00     0.00     0.00     0.00     0.00     0.00 15111.76   147.65  -143.77 
    0.00     0.00     0.00     0.00     0.00     0.00     0.00     0.00     0.00     0.00     0.00     0.00     0.00     0.00     0.00     0.00     0.00     0.00     0.00     0.00     0.00     0.00     0.00     0.00     0.00     0.00     0.00     0.00     0.00     0.00     0.00     0.00     0.00     0.00     0.00     0.00   147.65 12336.03   106.47 
    0.00     0.00     0.00     0.00     0.00     0.00     0.00     0.00     0.00     0.00     0.00     0.00     0.00     0.00     0.00     0.00     0.00     0.00     0.00     0.00     0.00     0.00     0.00     0.00     0.00     0.00     0.00     0.00     0.00     0.00     0.00     0.00     0.00     0.00     0.00     0.00  -143.77   106.47 10667.84 

法方程式
  16093.2     148.1    -157.3       0.0       0.0       0.0   -6845.9     -60.0      69.5   -3896.3     -40.1      38.6 
    148.1   15816.0     159.8       0.0       0.0       0.0     -60.0   -6196.9     -67.6     -40.1   -4624.1     -43.4 
   -157.3     159.8   17278.4       0.0       0.0       0.0      69.5     -67.6   -7646.7      38.6     -43.4   -4172.7 
      0.0       0.0       0.0   23353.1     221.9    -249.8   -8125.0     -75.0      76.6  -10593.3     -96.8     123.8 
      0.0       0.0       0.0     221.9   23087.4     227.3     -75.0   -7832.2     -73.2     -96.8  -10043.0    -100.1 
      0.0       0.0       0.0    -249.8     227.3   24116.9      76.6     -73.2   -7795.7     123.8    -100.1  -11332.6 
  -6845.9     -60.0      69.5   -8125.0     -75.0      76.6   29395.3     278.7    -264.4  -10720.0    -106.7      79.3 
    -60.0   -6196.9     -67.6     -75.0   -7832.2     -73.2     278.7   27833.5     260.3    -106.7  -10128.5     -82.5 
     69.5     -67.6   -7646.7      76.6     -73.2   -7795.7    -264.4     260.3   27495.4      79.3     -82.5   -8306.9 
  -3896.3     -40.1      38.6  -10593.3     -96.8     123.8  -10720.0    -106.7      79.3   86905.0     830.9    -874.4 
    -40.1   -4624.1     -43.4     -96.8  -10043.0    -100.1    -106.7  -10128.5     -82.5     830.9   79086.8     758.1 
     38.6     -43.4   -4172.7     123.8    -100.1  -11332.6      79.3     -82.5   -8306.9    -874.4     758.1   79239.6 

自由度: 27

單位權標準誤差 0.70749

控制點及觀測點座標
1 A      402.35087 -4652995.30109  4349760.77753
2 B     8086.03178 -4642712.84739  4360439.08326
3 C    12046.58076 -4649394.08256  4353160.06443 0.00608 0.00612 0.00597
4 E    -4919.33908 -4649361.21987  4352934.45480 0.00523 0.00526 0.00517
5 D    -3081.58313 -4643107.36915  4359531.12333 0.00494 0.00506 0.00514
6 F     1518.80119 -4648399.14533  4354116.69141 0.00267 0.00282 0.00280

基線平差結果與精度分析
A(1) -> C (3)  11644.22989   3601.21853   3399.28690 0.00608 0.00612 0.00597
A(1) -> E (4)  -5321.68995   3634.08122   3173.67727 0.00523 0.00526 0.00517
B(2) -> C (3)   3960.54898  -6681.23517  -7279.01883 0.00608 0.00612 0.00597
B(2) -> D (5) -11167.61491   -394.52176   -907.95993 0.00494 0.00506 0.00514
D(5) -> C (3)  15128.16389  -6286.71341  -6371.05890 0.00618 0.00632 0.00602
D(5) -> E (4)  -1837.75595  -6253.85072  -6596.66853 0.00552 0.00559 0.00560
F(6) -> A (1)  -1116.45032  -4596.15576  -4355.91388 0.00267 0.00282 0.00280
F(6) -> C (3)  10527.77957   -994.93723   -956.62698 0.00604 0.00605 0.00594
F(6) -> E (4)  -6438.14027   -962.07454  -1182.23661 0.00497 0.00501 0.00490
F(6) -> D (5)  -4600.38431   5291.77617   5414.43192 0.00468 0.00478 0.00492
F(6) -> B (2)   6567.23059   5686.29794   6322.39185 0.00267 0.00282 0.00280
B(2) -> F (6)  -6567.23059  -5686.29794  -6322.39185 0.00267 0.00282 0.00280
A(1) -> F (6)   1116.45032   4596.15576   4355.91388 0.00267 0.00282 0.00280
